<?xml version="1.0" encoding="UTF-8"?>
<!-- Generated by org.testng.reporters.JUnitReportReporter -->
<testsuite hostname="DESKTOP-E549CCC" failures="0" tests="3" name="suite.Class2" time="0.003" errors="0" timestamp="2022-10-10T11:44:01 IST" skipped="0">
  <testcase classname="suite.Class2" name="TC02" time="0.001"/>
  <system-out/>
  <testcase classname="suite.Class2" name="TC01" time="0.001"/>
  <system-out/>
  <testcase classname="suite.Class2" name="TC03" time="0.001"/>
  <system-out/>
</testsuite> <!-- suite.Class2 -->
