<?xml version="1.0" encoding="UTF-8"?>
<!-- Generated by org.testng.reporters.JUnitReportReporter -->
<testsuite hostname="DESKTOP-E549CCC" failures="0" tests="1" name="Amazon.TestClassWithBaseClass" time="0.008" errors="0" timestamp="2022-10-12T13:14:08 IST" skipped="0">
  <testcase classname="Amazon.TestClassWithBaseClass" name="TC01" time="0.008"/>
  <system-out/>
</testsuite> <!-- Amazon.TestClassWithBaseClass -->
